<?xml version="1.0" encoding="UTF-8"?>
<testsuites name="TS_6" time="48.242" tests="2" failures="0" errors="0">
   <testsuite name="TS_6" tests="2" failures="0" errors="0" time="48.242" skipped="0" timestamp="29-05-2024T20:51:26" hostname="ToanLa - DESKTOP-QSIPVT9.mshome.net" id="Test Suites/TS_6">
      <properties>
         <property name="deviceName" value=""/>
         <property name="devicePlatform" value=""/>
         <property name="logFolder" value="C:\\Users\\ToanLa\\git\\katalon-visual-testing\\Reports\\20240529_205119\\TS_6\\20240529_205119"/>
         <property name="logFiles" value="C:\\Users\\ToanLa\\git\\katalon-visual-testing\\Reports\\20240529_205119\\TS_6\\20240529_205119\\execution0.log"/>
         <property name="attachments" value="keyes\keyes-Appointment Dialog Origin.png, keyes\keyes-Facilty.png, keyes\keyes-Medicare.png, keyes\keyes-Visit Date.png, keyes\keyes-Appointment Dialog With Data.png, keyes\keyes-Review Appoitment.png, keyes\keyes-Appointment Dialog Origin.png, keyes\keyes-Facilty.png, keyes\keyes-Medicare.png, keyes\keyes-Visit Date.png, keyes\keyes-Appointment Dialog With Data.png, keyes\keyes-Review Appoitment.png"/>
         <property name="hostName" value="ToanLa - DESKTOP-QSIPVT9.mshome.net"/>
         <property name="os" value="Windows 11 64bit"/>
         <property name="katalonVersion" value="9.4.0.212"/>
         <property name="browser" value="Chrome 125.0.0.0"/>
         <property name="hostAddress" value="192.168.0.1"/>
         <property name="sessionId" value="118a0ba822e9da1bbc69f6f5d07e30f2"/>
         <property name="seleniumVersion" value="3.141.59"/>
         <property name="proxyInformation" value="ProxyInformation { proxyOption=NO_PROXY, proxyServerType=HTTP, username=, password=********, proxyServerAddress=, proxyServerPort=0, executionList=&quot;&quot;, isApplyToDesiredCapabilities=true }"/>
         <property name="platform" value="Windows 11"/>
      </properties>
      <testcase name="Test Cases/Main Test Cases/TC2_Verify Successful Appointment_With TestOps Visual Testing - Copy" time="24.927" classname="Test Cases/Main Test Cases/TC2_Verify Successful Appointment_With TestOps Visual Testing - Copy" status="PASSED">
         <system-out><![CDATA[29-05-2024T20:51:26 - [TEST_CASE][PASSED] - Test Cases/Main Test Cases/TC2_Verify Successful Appointment_With TestOps Visual Testing - Copy: Test Cases/Main Test Cases/TC2_Verify Successful Appointment_With TestOps Visual Testing - Copy

29-05-2024T20:51:27 - [TEST_STEP][PASSED] - comment("Story: Book an appointment"): Story: Book an appointment

29-05-2024T20:51:27 - [MESSAGE][INFO] - Story: Book an appointment

29-05-2024T20:51:27 - [TEST_STEP][PASSED] - comment("Given that the user has logged into their account"): Given that the user has logged into their account

29-05-2024T20:51:27 - [MESSAGE][INFO] - Given that the user has logged into their account

29-05-2024T20:51:27 - [TEST_STEP][PASSED] - openBrowser(G_SiteURL): Browser is opened with url: 'http://demoaut.katalon.com'

29-05-2024T20:51:28 - [MESSAGE][INFO] - Starting 'Chrome' driver

29-05-2024T20:51:28 - [MESSAGE][INFO] - Action delay is set to 0 milliseconds

29-05-2024T20:51:35 - [MESSAGE][PASSED] - Browser is opened with url: 'http://demoaut.katalon.com'

29-05-2024T20:51:35 - [TEST_STEP][PASSED] - maximizeWindow(): Current window maximized

29-05-2024T20:51:35 - [MESSAGE][PASSED] - Current window maximized

29-05-2024T20:51:35 - [TEST_STEP][PASSED] - callTestCase(findTestCase("Common Test Cases/Login"), ["Username":"John Doe", "Password":"ThisIsNotAPassword"], STOP_ON_FAILURE): Call Test Case 'Test Cases/Common Test Cases/Login' successfully

29-05-2024T20:51:35 - [TEST_CASE][PASSED] - Test Cases/Common Test Cases/Login: Test Cases/Common Test Cases/Login

29-05-2024T20:51:35 - [TEST_STEP][PASSED] - click(findTestObject("Page_CuraHomepage/btn_MakeAppointment")): Object: 'Object Repository/Page_CuraHomepage/btn_MakeAppointment' is clicked on

29-05-2024T20:51:36 - [MESSAGE][PASSED] - Object: 'Object Repository/Page_CuraHomepage/btn_MakeAppointment' is clicked on

29-05-2024T20:51:36 - [TEST_STEP][PASSED] - setText(findTestObject("Page_Login/txt_UserName"), Username): Text 'John Doe' is set on object 'Object Repository/Page_Login/txt_UserName'

29-05-2024T20:51:37 - [MESSAGE][PASSED] - Text 'John Doe' is set on object 'Object Repository/Page_Login/txt_UserName'

29-05-2024T20:51:37 - [TEST_STEP][PASSED] - setText(findTestObject("Page_Login/txt_Password"), Password): Text 'ThisIsNotAPassword' is set on object 'Object Repository/Page_Login/txt_Password'

29-05-2024T20:51:37 - [MESSAGE][PASSED] - Text 'ThisIsNotAPassword' is set on object 'Object Repository/Page_Login/txt_Password'

29-05-2024T20:51:37 - [TEST_STEP][PASSED] - click(findTestObject("Page_Login/btn_Login")): Object: 'Object Repository/Page_Login/btn_Login' is clicked on

29-05-2024T20:51:38 - [MESSAGE][PASSED] - Object: 'Object Repository/Page_Login/btn_Login' is clicked on

29-05-2024T20:51:38 - [TEST_STEP][PASSED] - landingPage = verifyElementPresent(findTestObject("Page_CuraAppointment/div_Appointment"), G_Timeout): Object 'Object Repository/Page_CuraAppointment/div_Appointment' is present

29-05-2024T20:51:39 - [MESSAGE][PASSED] - Object 'Object Repository/Page_CuraAppointment/div_Appointment' is present

29-05-2024T20:51:39 - [MESSAGE][PASSED] - Call Test Case 'Test Cases/Common Test Cases/Login' successfully

29-05-2024T20:51:39 - [TEST_STEP][PASSED] - comment("And Appointment page is displayed"): And Appointment page is displayed

29-05-2024T20:51:39 - [MESSAGE][INFO] - And Appointment page is displayed

29-05-2024T20:51:39 - [TEST_STEP][PASSED] - takeElementScreenshotAsCheckpoint("Appointment Dialog Origin", AppointmentDialogObject): Taking screenshot successfully

29-05-2024T20:51:39 - [MESSAGE][WARNING] - Timeout '0' is invalid. Using default page load timeout: '30'

29-05-2024T20:51:39 - [MESSAGE][INFO] - 0 hidden object(s)

29-05-2024T20:51:40 - [MESSAGE][PASSED] - Taking screenshot successfully
[[ATTACHMENT|keyes\keyes-Appointment Dialog Origin.png]]

29-05-2024T20:51:40 - [TEST_STEP][PASSED] - selectOptionByLabel(findTestObject("Page_CuraAppointment/lst_Facility"), "Hongkong CURA Healthcare Center", false): All options with label 'Hongkong CURA Healthcare Center' are selected in object 'Object Repository/Page_CuraAppointment/lst_Facility' 

29-05-2024T20:51:40 - [MESSAGE][PASSED] - All options with label 'Hongkong CURA Healthcare Center' are selected in object 'Object Repository/Page_CuraAppointment/lst_Facility' 

29-05-2024T20:51:40 - [TEST_STEP][PASSED] - takeElementScreenshotAsCheckpoint("Facilty", FacilityObject): Taking screenshot successfully

29-05-2024T20:51:40 - [MESSAGE][WARNING] - Timeout '0' is invalid. Using default page load timeout: '30'

29-05-2024T20:51:41 - [MESSAGE][INFO] - 0 hidden object(s)

29-05-2024T20:51:41 - [MESSAGE][PASSED] - Taking screenshot successfully
[[ATTACHMENT|keyes\keyes-Facilty.png]]

29-05-2024T20:51:41 - [TEST_STEP][PASSED] - check(findTestObject("Page_CuraAppointment/chk_Medicaid")): Object 'Object Repository/Page_CuraAppointment/chk_Medicaid' is checked

29-05-2024T20:51:41 - [MESSAGE][PASSED] - Object 'Object Repository/Page_CuraAppointment/chk_Medicaid' is checked

29-05-2024T20:51:41 - [TEST_STEP][PASSED] - takeElementScreenshotAsCheckpoint("Medicare", MedicareChoicesObject): Taking screenshot successfully

29-05-2024T20:51:41 - [MESSAGE][WARNING] - Timeout '0' is invalid. Using default page load timeout: '30'

29-05-2024T20:51:42 - [MESSAGE][INFO] - 0 hidden object(s)

29-05-2024T20:51:42 - [MESSAGE][PASSED] - Taking screenshot successfully
[[ATTACHMENT|keyes\keyes-Medicare.png]]

29-05-2024T20:51:42 - [TEST_STEP][PASSED] - check(findTestObject("Page_CuraAppointment/chk_Readmission")): Object 'Object Repository/Page_CuraAppointment/chk_Readmission' is checked

29-05-2024T20:51:42 - [MESSAGE][PASSED] - Object 'Object Repository/Page_CuraAppointment/chk_Readmission' is checked

29-05-2024T20:51:42 - [TEST_STEP][PASSED] - setText(findTestObject("Page_CuraAppointment/txt_VisitDate"), "27/12/2016"): Text '27/12/2016' is set on object 'Object Repository/Page_CuraAppointment/txt_VisitDate'

29-05-2024T20:51:43 - [MESSAGE][PASSED] - Text '27/12/2016' is set on object 'Object Repository/Page_CuraAppointment/txt_VisitDate'

29-05-2024T20:51:43 - [TEST_STEP][PASSED] - click(CommentLabelObject): Object: 'Object Repository/Vision_Common/Comment_Label' is clicked on

29-05-2024T20:51:43 - [MESSAGE][PASSED] - Object: 'Object Repository/Vision_Common/Comment_Label' is clicked on

29-05-2024T20:51:43 - [TEST_STEP][PASSED] - takeElementScreenshotAsCheckpoint("Visit Date", DateObject): Taking screenshot successfully

29-05-2024T20:51:43 - [MESSAGE][WARNING] - Timeout '0' is invalid. Using default page load timeout: '30'

29-05-2024T20:51:44 - [MESSAGE][INFO] - 0 hidden object(s)

29-05-2024T20:51:44 - [MESSAGE][PASSED] - Taking screenshot successfully
[[ATTACHMENT|keyes\keyes-Visit Date.png]]

29-05-2024T20:51:44 - [TEST_STEP][PASSED] - setText(findTestObject("Page_CuraAppointment/txt_Comment"), "Please make appointment as soon as possible."): Text 'Please make appointment as soon as possible.' is set on object 'Object Repository/Page_CuraAppointment/txt_Comment'

29-05-2024T20:51:45 - [MESSAGE][PASSED] - Text 'Please make appointment as soon as possible.' is set on object 'Object Repository/Page_CuraAppointment/txt_Comment'

29-05-2024T20:51:45 - [TEST_STEP][PASSED] - comment("When he fills in valid information in Appointment page"): When he fills in valid information in Appointment page

29-05-2024T20:51:45 - [MESSAGE][INFO] - When he fills in valid information in Appointment page

29-05-2024T20:51:45 - [TEST_STEP][PASSED] - if (Random().nextBoolean()): null

29-05-2024T20:51:45 - [TEST_STEP][PASSED] - takeElementScreenshotAsCheckpoint("Appointment Dialog With Data", AppointmentDialogObject): Taking screenshot successfully

29-05-2024T20:51:45 - [MESSAGE][WARNING] - Timeout '0' is invalid. Using default page load timeout: '30'

29-05-2024T20:51:45 - [MESSAGE][INFO] - 0 hidden object(s)

29-05-2024T20:51:46 - [MESSAGE][PASSED] - Taking screenshot successfully
[[ATTACHMENT|keyes\keyes-Appointment Dialog With Data.png]]

29-05-2024T20:51:46 - [TEST_STEP][PASSED] - click(findTestObject("Page_CuraAppointment/btn_BookAppointment")): Object: 'Object Repository/Page_CuraAppointment/btn_BookAppointment' is clicked on

29-05-2024T20:51:46 - [MESSAGE][PASSED] - Object: 'Object Repository/Page_CuraAppointment/btn_BookAppointment' is clicked on

29-05-2024T20:51:46 - [TEST_STEP][PASSED] - takeFullPageScreenshotAsCheckpoint("Review Appoitment"): Taking screenshot successfully

29-05-2024T20:51:48 - [MESSAGE][INFO] - 0 hidden object(s)

29-05-2024T20:51:49 - [MESSAGE][PASSED] - Taking screenshot successfully
[[ATTACHMENT|keyes\keyes-Review Appoitment.png]]

29-05-2024T20:51:49 - [TEST_STEP][PASSED] - verifyTextPresent("Appointment Confirmation", false): Text 'Appointment Confirmation' is present on page 

29-05-2024T20:51:49 - [MESSAGE][PASSED] - Text 'Appointment Confirmation' is present on page 

29-05-2024T20:51:49 - [TEST_STEP][PASSED] - comment("Then he should be able to book a new appointment"): Then he should be able to book a new appointment

29-05-2024T20:51:49 - [MESSAGE][INFO] - Then he should be able to book a new appointment

29-05-2024T20:51:49 - [TEST_STEP][PASSED] - verifyMatch("Hongkong CURA Healthcare Center", getText(findTestObject("Page_AppointmentConfirmation/lbl_Facility")), false): Actual text 'Hongkong CURA Healthcare Center' and expected text 'Hongkong CURA Healthcare Center' are matched 

29-05-2024T20:51:49 - [MESSAGE][PASSED] - Text of object 'Object Repository/Page_AppointmentConfirmation/lbl_Facility' is: 'Hongkong CURA Healthcare Center'

29-05-2024T20:51:49 - [MESSAGE][PASSED] - Actual text 'Hongkong CURA Healthcare Center' and expected text 'Hongkong CURA Healthcare Center' are matched 

29-05-2024T20:51:49 - [TEST_STEP][PASSED] - verifyMatch("Yes", getText(findTestObject("Page_AppointmentConfirmation/lbl_HospitalReadmission")), false): Actual text 'Yes' and expected text 'Yes' are matched 

29-05-2024T20:51:50 - [MESSAGE][PASSED] - Text of object 'Object Repository/Page_AppointmentConfirmation/lbl_HospitalReadmission' is: 'Yes'

29-05-2024T20:51:50 - [MESSAGE][PASSED] - Actual text 'Yes' and expected text 'Yes' are matched 

29-05-2024T20:51:50 - [TEST_STEP][PASSED] - verifyMatch("Medicaid", getText(findTestObject("Page_AppointmentConfirmation/lbl_Program")), false): Actual text 'Medicaid' and expected text 'Medicaid' are matched 

29-05-2024T20:51:50 - [MESSAGE][PASSED] - Text of object 'Object Repository/Page_AppointmentConfirmation/lbl_Program' is: 'Medicaid'

29-05-2024T20:51:50 - [MESSAGE][PASSED] - Actual text 'Medicaid' and expected text 'Medicaid' are matched 

29-05-2024T20:51:50 - [TEST_STEP][PASSED] - verifyMatch("27/12/2016", getText(findTestObject("Page_AppointmentConfirmation/lbl_VisitDate")), false): Actual text '27/12/2016' and expected text '27/12/2016' are matched 

29-05-2024T20:51:50 - [MESSAGE][PASSED] - Text of object 'Object Repository/Page_AppointmentConfirmation/lbl_VisitDate' is: '27/12/2016'

29-05-2024T20:51:50 - [MESSAGE][PASSED] - Actual text '27/12/2016' and expected text '27/12/2016' are matched 

29-05-2024T20:51:50 - [TEST_STEP][PASSED] - verifyMatch("Please make appointment as soon as possible.", getText(findTestObject("Page_AppointmentConfirmation/lbl_Comment")), false): Actual text 'Please make appointment as soon as possible.' and expected text 'Please make appointment as soon as possible.' are matched 

29-05-2024T20:51:50 - [MESSAGE][PASSED] - Text of object 'Object Repository/Page_AppointmentConfirmation/lbl_Comment' is: 'Please make appointment as soon as possible.'

29-05-2024T20:51:50 - [MESSAGE][PASSED] - Actual text 'Please make appointment as soon as possible.' and expected text 'Please make appointment as soon as possible.' are matched 

29-05-2024T20:51:50 - [TEST_STEP][PASSED] - closeBrowser(): Browser is closed

29-05-2024T20:51:51 - [MESSAGE][PASSED] - Browser is closed

29-05-2024T20:51:51 - [TEST_STEP][PASSED] - Start listener action : terminateRunningWebDrivers: null

29-05-2024T20:51:51 - [TEST_STEP][PASSED] - cleanup(): null]]></system-out>
         <system-err><![CDATA[]]></system-err>
      </testcase>
      <testcase name="Test Cases/Main Test Cases/TC2_Verify Successful Appointment_With TestOps Visual Testing - Copy (1)" time="22.904" classname="Test Cases/Main Test Cases/TC2_Verify Successful Appointment_With TestOps Visual Testing - Copy (1)" status="PASSED">
         <system-out><![CDATA[29-05-2024T20:51:51 - [TEST_CASE][PASSED] - Test Cases/Main Test Cases/TC2_Verify Successful Appointment_With TestOps Visual Testing - Copy (1): Test Cases/Main Test Cases/TC2_Verify Successful Appointment_With TestOps Visual Testing - Copy (1)

29-05-2024T20:51:51 - [TEST_STEP][PASSED] - comment("Story: Book an appointment"): Story: Book an appointment

29-05-2024T20:51:51 - [MESSAGE][INFO] - Story: Book an appointment

29-05-2024T20:51:51 - [TEST_STEP][PASSED] - comment("Given that the user has logged into their account"): Given that the user has logged into their account

29-05-2024T20:51:51 - [MESSAGE][INFO] - Given that the user has logged into their account

29-05-2024T20:51:51 - [TEST_STEP][PASSED] - openBrowser(G_SiteURL): Browser is opened with url: 'http://demoaut.katalon.com'

29-05-2024T20:51:51 - [MESSAGE][INFO] - Starting 'Chrome' driver

29-05-2024T20:51:51 - [MESSAGE][INFO] - Action delay is set to 0 milliseconds

29-05-2024T20:51:58 - [MESSAGE][PASSED] - Browser is opened with url: 'http://demoaut.katalon.com'

29-05-2024T20:51:58 - [TEST_STEP][PASSED] - maximizeWindow(): Current window maximized

29-05-2024T20:51:58 - [MESSAGE][PASSED] - Current window maximized

29-05-2024T20:51:58 - [TEST_STEP][PASSED] - callTestCase(findTestCase("Common Test Cases/Login"), ["Username":"John Doe", "Password":"ThisIsNotAPassword"], STOP_ON_FAILURE): Call Test Case 'Test Cases/Common Test Cases/Login' successfully

29-05-2024T20:51:58 - [TEST_CASE][PASSED] - Test Cases/Common Test Cases/Login: Test Cases/Common Test Cases/Login

29-05-2024T20:51:58 - [TEST_STEP][PASSED] - click(findTestObject("Page_CuraHomepage/btn_MakeAppointment")): Object: 'Object Repository/Page_CuraHomepage/btn_MakeAppointment' is clicked on

29-05-2024T20:51:59 - [MESSAGE][PASSED] - Object: 'Object Repository/Page_CuraHomepage/btn_MakeAppointment' is clicked on

29-05-2024T20:51:59 - [TEST_STEP][PASSED] - setText(findTestObject("Page_Login/txt_UserName"), Username): Text 'John Doe' is set on object 'Object Repository/Page_Login/txt_UserName'

29-05-2024T20:52:00 - [MESSAGE][PASSED] - Text 'John Doe' is set on object 'Object Repository/Page_Login/txt_UserName'

29-05-2024T20:52:00 - [TEST_STEP][PASSED] - setText(findTestObject("Page_Login/txt_Password"), Password): Text 'ThisIsNotAPassword' is set on object 'Object Repository/Page_Login/txt_Password'

29-05-2024T20:52:00 - [MESSAGE][PASSED] - Text 'ThisIsNotAPassword' is set on object 'Object Repository/Page_Login/txt_Password'

29-05-2024T20:52:00 - [TEST_STEP][PASSED] - click(findTestObject("Page_Login/btn_Login")): Object: 'Object Repository/Page_Login/btn_Login' is clicked on

29-05-2024T20:52:01 - [MESSAGE][PASSED] - Object: 'Object Repository/Page_Login/btn_Login' is clicked on

29-05-2024T20:52:01 - [TEST_STEP][PASSED] - landingPage = verifyElementPresent(findTestObject("Page_CuraAppointment/div_Appointment"), G_Timeout): Object 'Object Repository/Page_CuraAppointment/div_Appointment' is present

29-05-2024T20:52:02 - [MESSAGE][PASSED] - Object 'Object Repository/Page_CuraAppointment/div_Appointment' is present

29-05-2024T20:52:02 - [MESSAGE][PASSED] - Call Test Case 'Test Cases/Common Test Cases/Login' successfully

29-05-2024T20:52:02 - [TEST_STEP][PASSED] - comment("And Appointment page is displayed"): And Appointment page is displayed

29-05-2024T20:52:02 - [MESSAGE][INFO] - And Appointment page is displayed

29-05-2024T20:52:02 - [TEST_STEP][PASSED] - takeElementScreenshotAsCheckpoint("Appointment Dialog Origin", AppointmentDialogObject): Taking screenshot successfully

29-05-2024T20:52:02 - [MESSAGE][WARNING] - Timeout '0' is invalid. Using default page load timeout: '30'

29-05-2024T20:52:02 - [MESSAGE][INFO] - 0 hidden object(s)

29-05-2024T20:52:02 - [MESSAGE][PASSED] - Taking screenshot successfully
[[ATTACHMENT|keyes\keyes-Appointment Dialog Origin.png]]

29-05-2024T20:52:02 - [TEST_STEP][PASSED] - selectOptionByLabel(findTestObject("Page_CuraAppointment/lst_Facility"), "Hongkong CURA Healthcare Center", false): All options with label 'Hongkong CURA Healthcare Center' are selected in object 'Object Repository/Page_CuraAppointment/lst_Facility' 

29-05-2024T20:52:03 - [MESSAGE][PASSED] - All options with label 'Hongkong CURA Healthcare Center' are selected in object 'Object Repository/Page_CuraAppointment/lst_Facility' 

29-05-2024T20:52:03 - [TEST_STEP][PASSED] - takeElementScreenshotAsCheckpoint("Facilty", FacilityObject): Taking screenshot successfully

29-05-2024T20:52:03 - [MESSAGE][WARNING] - Timeout '0' is invalid. Using default page load timeout: '30'

29-05-2024T20:52:04 - [MESSAGE][INFO] - 0 hidden object(s)

29-05-2024T20:52:04 - [MESSAGE][PASSED] - Taking screenshot successfully
[[ATTACHMENT|keyes\keyes-Facilty.png]]

29-05-2024T20:52:04 - [TEST_STEP][PASSED] - check(findTestObject("Page_CuraAppointment/chk_Medicaid")): Object 'Object Repository/Page_CuraAppointment/chk_Medicaid' is checked

29-05-2024T20:52:04 - [MESSAGE][PASSED] - Object 'Object Repository/Page_CuraAppointment/chk_Medicaid' is checked

29-05-2024T20:52:04 - [TEST_STEP][PASSED] - takeElementScreenshotAsCheckpoint("Medicare", MedicareChoicesObject): Taking screenshot successfully

29-05-2024T20:52:04 - [MESSAGE][WARNING] - Timeout '0' is invalid. Using default page load timeout: '30'

29-05-2024T20:52:05 - [MESSAGE][INFO] - 0 hidden object(s)

29-05-2024T20:52:05 - [MESSAGE][PASSED] - Taking screenshot successfully
[[ATTACHMENT|keyes\keyes-Medicare.png]]

29-05-2024T20:52:05 - [TEST_STEP][PASSED] - check(findTestObject("Page_CuraAppointment/chk_Readmission")): Object 'Object Repository/Page_CuraAppointment/chk_Readmission' is checked

29-05-2024T20:52:05 - [MESSAGE][PASSED] - Object 'Object Repository/Page_CuraAppointment/chk_Readmission' is checked

29-05-2024T20:52:05 - [TEST_STEP][PASSED] - setText(findTestObject("Page_CuraAppointment/txt_VisitDate"), "27/12/2016"): Text '27/12/2016' is set on object 'Object Repository/Page_CuraAppointment/txt_VisitDate'

29-05-2024T20:52:06 - [MESSAGE][PASSED] - Text '27/12/2016' is set on object 'Object Repository/Page_CuraAppointment/txt_VisitDate'

29-05-2024T20:52:06 - [TEST_STEP][PASSED] - click(CommentLabelObject): Object: 'Object Repository/Vision_Common/Comment_Label' is clicked on

29-05-2024T20:52:06 - [MESSAGE][PASSED] - Object: 'Object Repository/Vision_Common/Comment_Label' is clicked on

29-05-2024T20:52:06 - [TEST_STEP][PASSED] - takeElementScreenshotAsCheckpoint("Visit Date", DateObject): Taking screenshot successfully

29-05-2024T20:52:06 - [MESSAGE][WARNING] - Timeout '0' is invalid. Using default page load timeout: '30'

29-05-2024T20:52:07 - [MESSAGE][INFO] - 0 hidden object(s)

29-05-2024T20:52:07 - [MESSAGE][PASSED] - Taking screenshot successfully
[[ATTACHMENT|keyes\keyes-Visit Date.png]]

29-05-2024T20:52:07 - [TEST_STEP][PASSED] - setText(findTestObject("Page_CuraAppointment/txt_Comment"), "Please make appointment as soon as possible."): Text 'Please make appointment as soon as possible.' is set on object 'Object Repository/Page_CuraAppointment/txt_Comment'

29-05-2024T20:52:08 - [MESSAGE][PASSED] - Text 'Please make appointment as soon as possible.' is set on object 'Object Repository/Page_CuraAppointment/txt_Comment'

29-05-2024T20:52:08 - [TEST_STEP][PASSED] - comment("When he fills in valid information in Appointment page"): When he fills in valid information in Appointment page

29-05-2024T20:52:08 - [MESSAGE][INFO] - When he fills in valid information in Appointment page

29-05-2024T20:52:08 - [TEST_STEP][PASSED] - if (Random().nextBoolean()): Execute JavaScript 'document.querySelector("#appointment > div > div > div > h2").textContent = "Make New Appointment"' successfully

29-05-2024T20:52:08 - [TEST_STEP][PASSED] - executeJavaScript("document.querySelector("#appointment > div > div > div > h2").textContent = "Make New Appointment"", null): Execute JavaScript 'document.querySelector("#appointment > div > div > div > h2").textContent = "Make New Appointment"' successfully

29-05-2024T20:52:08 - [MESSAGE][PASSED] - Execute JavaScript 'document.querySelector("#appointment > div > div > div > h2").textContent = "Make New Appointment"' successfully

29-05-2024T20:52:08 - [TEST_STEP][PASSED] - takeElementScreenshotAsCheckpoint("Appointment Dialog With Data", AppointmentDialogObject): Taking screenshot successfully

29-05-2024T20:52:08 - [MESSAGE][WARNING] - Timeout '0' is invalid. Using default page load timeout: '30'

29-05-2024T20:52:08 - [MESSAGE][INFO] - 0 hidden object(s)

29-05-2024T20:52:09 - [MESSAGE][PASSED] - Taking screenshot successfully
[[ATTACHMENT|keyes\keyes-Appointment Dialog With Data.png]]

29-05-2024T20:52:09 - [TEST_STEP][PASSED] - click(findTestObject("Page_CuraAppointment/btn_BookAppointment")): Object: 'Object Repository/Page_CuraAppointment/btn_BookAppointment' is clicked on

29-05-2024T20:52:09 - [MESSAGE][PASSED] - Object: 'Object Repository/Page_CuraAppointment/btn_BookAppointment' is clicked on

29-05-2024T20:52:09 - [TEST_STEP][PASSED] - takeFullPageScreenshotAsCheckpoint("Review Appoitment"): Taking screenshot successfully

29-05-2024T20:52:11 - [MESSAGE][INFO] - 0 hidden object(s)

29-05-2024T20:52:12 - [MESSAGE][PASSED] - Taking screenshot successfully
[[ATTACHMENT|keyes\keyes-Review Appoitment.png]]

29-05-2024T20:52:12 - [TEST_STEP][PASSED] - verifyTextPresent("Appointment Confirmation", false): Text 'Appointment Confirmation' is present on page 

29-05-2024T20:52:12 - [MESSAGE][PASSED] - Text 'Appointment Confirmation' is present on page 

29-05-2024T20:52:12 - [TEST_STEP][PASSED] - comment("Then he should be able to book a new appointment"): Then he should be able to book a new appointment

29-05-2024T20:52:12 - [MESSAGE][INFO] - Then he should be able to book a new appointment

29-05-2024T20:52:12 - [TEST_STEP][PASSED] - verifyMatch("Hongkong CURA Healthcare Center", getText(findTestObject("Page_AppointmentConfirmation/lbl_Facility")), false): Actual text 'Hongkong CURA Healthcare Center' and expected text 'Hongkong CURA Healthcare Center' are matched 

29-05-2024T20:52:12 - [MESSAGE][PASSED] - Text of object 'Object Repository/Page_AppointmentConfirmation/lbl_Facility' is: 'Hongkong CURA Healthcare Center'

29-05-2024T20:52:12 - [MESSAGE][PASSED] - Actual text 'Hongkong CURA Healthcare Center' and expected text 'Hongkong CURA Healthcare Center' are matched 

29-05-2024T20:52:12 - [TEST_STEP][PASSED] - verifyMatch("Yes", getText(findTestObject("Page_AppointmentConfirmation/lbl_HospitalReadmission")), false): Actual text 'Yes' and expected text 'Yes' are matched 

29-05-2024T20:52:12 - [MESSAGE][PASSED] - Text of object 'Object Repository/Page_AppointmentConfirmation/lbl_HospitalReadmission' is: 'Yes'

29-05-2024T20:52:12 - [MESSAGE][PASSED] - Actual text 'Yes' and expected text 'Yes' are matched 

29-05-2024T20:52:12 - [TEST_STEP][PASSED] - verifyMatch("Medicaid", getText(findTestObject("Page_AppointmentConfirmation/lbl_Program")), false): Actual text 'Medicaid' and expected text 'Medicaid' are matched 

29-05-2024T20:52:13 - [MESSAGE][PASSED] - Text of object 'Object Repository/Page_AppointmentConfirmation/lbl_Program' is: 'Medicaid'

29-05-2024T20:52:13 - [MESSAGE][PASSED] - Actual text 'Medicaid' and expected text 'Medicaid' are matched 

29-05-2024T20:52:13 - [TEST_STEP][PASSED] - verifyMatch("27/12/2016", getText(findTestObject("Page_AppointmentConfirmation/lbl_VisitDate")), false): Actual text '27/12/2016' and expected text '27/12/2016' are matched 

29-05-2024T20:52:13 - [MESSAGE][PASSED] - Text of object 'Object Repository/Page_AppointmentConfirmation/lbl_VisitDate' is: '27/12/2016'

29-05-2024T20:52:13 - [MESSAGE][PASSED] - Actual text '27/12/2016' and expected text '27/12/2016' are matched 

29-05-2024T20:52:13 - [TEST_STEP][PASSED] - verifyMatch("Please make appointment as soon as possible.", getText(findTestObject("Page_AppointmentConfirmation/lbl_Comment")), false): Actual text 'Please make appointment as soon as possible.' and expected text 'Please make appointment as soon as possible.' are matched 

29-05-2024T20:52:13 - [MESSAGE][PASSED] - Text of object 'Object Repository/Page_AppointmentConfirmation/lbl_Comment' is: 'Please make appointment as soon as possible.'

29-05-2024T20:52:13 - [MESSAGE][PASSED] - Actual text 'Please make appointment as soon as possible.' and expected text 'Please make appointment as soon as possible.' are matched 

29-05-2024T20:52:13 - [TEST_STEP][PASSED] - closeBrowser(): Browser is closed

29-05-2024T20:52:14 - [MESSAGE][PASSED] - Browser is closed

29-05-2024T20:52:14 - [TEST_STEP][PASSED] - Start listener action : terminateRunningWebDrivers: null

29-05-2024T20:52:14 - [TEST_STEP][PASSED] - cleanup(): null]]></system-out>
         <system-err><![CDATA[]]></system-err>
      </testcase>
      <system-out><![CDATA[29-05-2024T20:51:26 - [TEST_SUITE][PASSED] - TS_6: Test Cases/Main Test Cases/TC2_Verify Successful Appointment_With TestOps Visual Testing - Copy (1)]]></system-out>
      <system-err><![CDATA[]]></system-err>
   </testsuite>
</testsuites>
